Version: 1.0.0
Finished time: 17:10 2022/9/9
Implemented function:
- 实现了对MessageBoxA、MessageBoxW、HeapCreate、HeapDestroy、HeapAlloc、HeapFree函数的截获
- 实现了对四个堆API调用的堆结构基本监测功能
Todo:
- 优化查找算法为二分法查找
- 实现其他更多API的截获与分析

Version 1.0.1
Finished time: 11:09 2022/9/12
Update:
- 实现了CreateFile的钩子，能够对属性进行高亮显示
Todo:
- 优化查找算法为二分法查找
- 实现其他更多API的截获与分析
- 解决文件读写的并发处理问题

Version 1.1.0
Finished time: 19:32 2022/9/12
Update:
- 解决了线程互斥问题，能够完整获取到所有的钩子记录
- 实现了ReadFile和WriteFile的钩子截获
Todo:
- 优化查找算法为二分法查找
- 实现其他更多API的截获与分析
- 对Deprecated的函数进行清理
- 处理好标准输入输出句柄的问题

Version 1.1.1
Finished time: 11:23 2022/9/13
Update:
- 解决了标准输入输出问题，对于标准输入输出的ReadFile和WriteFile调用将不再被分析
- 清理了hookAnalysis中弃用的一些方法
Todo:
- 优化查找算法为二分法查找
- 实现其他更多API的截获与分析
- 实现异常窗口输出

Version 1.1.2
Finished time: 16:08 2022/9/13
Update:
- 实现了5个注册表相关API的截获
Todo:
- 实现注册表相关API的分析
- 优化查找算法为二分法查找
- 实现异常窗口输出

Version 1.2.0
Finished time: 19:13 2022/9/13
Update:
- 实现了异常窗口的接口，但还未测试。
Todo:
- 实现注册表相关API的分析
- 优化查找算法为二分法查找
- 实现日志自动保存

Version 1.2.1
Finished time: 11:41 2022/9/14
Update:
- 实现了注册表项创建和设置值的跟踪
Todo:
- 优化查找算法为二分法查找
- 完成注册表监控模块

Version 1.3.0
Finished time: 15:54 2022/9/14
Update:
- 实现了注册表相关5个函数的挂钩与分析
Todo:
- 优化查找算法为二分法查找
- 完成任务书中关于异常监测的需求

Version 1.3.1
Finished time: 16:31 2022/9/14
Update:
- 实现了开机自启注册表访问的监控与警告
Todo:
- 优化查找算法为二分法查找
- 完成任务书中其他关于异常监测的需求

Version 1.3.2
Finished time: 18:44 2022/9/14
Update:
- 实现了对可执行文件读写的监控和警告
Todo:
- 优化查找算法为二分法查找
- 完成任务书中其他关于异常监测的需求

Version 1.3.3
Finished time: 19:06 2022/9/14
Update:
- 实现了开机自启注册表增删改查的监控与警告
Todo:
- 优化查找算法为二分法查找
- 完成任务书中其他关于异常监测的需求
- 实现网络传输相关API的截获
- 实现获取到使程序崩溃的最后一次API调用的信息获取
- 修改界面外观，使得各个监控模块能够呼出一个独立的Widget出来

Version 1.4.0
Finished time: 23:22 2022/9/14
Update:
- 能够获取到使程序崩溃的最后一次API调用的参数
Todo:
- 修改界面外观，使得各个监控模块能够呼出一个独立的Widget出来
- 优化查找算法为二分法查找
- 完成任务书中其他关于异常监测的需求
- 实现网络传输相关API的截获

Version 1.5.0
Finished time: 11:07 2022/9/15
Update:
- 能够呼出异常窗口、堆监控窗口、文件监控窗口、美化后的日志窗口、注册表窗口
Todo:
- 优化查找算法为二分法查找
- 完成任务书中其他关于异常监测的需求
- 实现网络传输相关API的截获

Version 1.5.1
Finished time: 14:49 2022/9/15
Update:
- 修复了注册表模块重新分配句柄后显示的键值名不改变的bug
- 将查找算法改为二分查找
Todo:
- 测试注册表向开机自启动项设置值和删除值是否正常
- 编写测试程序对所有列出的异常情况尽量进行测试
- 完成任务书中其他关于异常监测的需求
- 实现网络传输相关API的截获

Version 1.5.2
Finished time: 16:09 2022/9/15
Update:
- 编写了测试堆监控效率、double free和double destroy的截获，发现double destroy无法截获
Todo:
- 修复double destroy无法截获的bug
- 测试注册表向开机自启动项设置值和删除值是否正常
- 编写测试程序对所有列出的异常情况尽量进行测试
- 完成任务书中其他关于异常监测的需求
- 实现网络传输相关API的截获

Version 1.5.3
Finished time: 16:24 2022/9/15
Update:
- 修复了堆句柄多次删除无法监测的bug。
Todo:
- 测试注册表向开机自启动项设置值和删除值是否正常
- 编写测试程序对所有列出的异常情况尽量进行测试
- 完成任务书中其他关于异常监测的需求
- 实现网络传输相关API的截获
- 修复大内存分配测试用例执行结束后堆监控界面出现0xcccccccc内存的bug

Version 1.6.0
Finished time: 19:34 2022/9/15
Update:
- 完成堆API测试程序的编写与测试，修复了堆API截获的其他一些bug
- 修复了最后一次截获日志处理出现0xcc的bug
Todo:
- 完成文件API测试程序的编写和测试
- 完成注册表API测试程序的编写与测试
- 完成任务书中其他关于异常监测的需求

Version 1.7.0
Finished time: 23:39 2022/9/16
Update:
- 完成了文件API测试程序的编写和测试，修复了文件API截获的一些bug
- 完成了任务书中前8个题目的需求
Todo:
- 完成注册表API测试程序的编写与测试
- 尝试美化界面
- 完成对网络通信API的截获与分析
