ID: 0
DLL log output: 2022-09-14 11:50:04:897
RegCreateKeyEx Hooked.
Arguments:
	HKEY hKey = 0xFFFFFFFF80000001
	LPCWSTR lpSubKey = 0x00007FF7C143C828 / "aaaMykey"
	DWORD Reserved = 0 / 0
	LPWSTR lpClass = 0x0000000000000000 / "(null)"
	DWORD dwOptions = 0 / 0
	REGSAM samDesired = 983103 / 0xf003f
	LPSECURITY_ATTRIBUTES lpSecurityAttributes = 0x0000000000000000
	PHKEY phkResult = 0x000000F03EAFF788
	LPDWORD lpdwDisposition = 0x0000000000000000
Current process name: D:\SSdesign\UI\designMain\test\test_3\test_3\x64\Debug\test_3.exe
STDIN handle: 0x50
STDOUT handle: 0x54
STDERR handle: 0x58
File Description: <FILE VERSION NOT EXIST OR NOT ACCESSIBLE>
File Version: 
Internal Name: <INTERNAL NAME NOT EXIST OR NOT ACCESSIBLE>
Company Name: <COMPANY NAME NOT EXIST OR NOT ACCESSIBLE>
Legal Copyright: <LEGAL COPYRIGHT NOT EXIST OR NOT ACCESSIBLE>
Original File Name: <ORIGINAL FILE NAME NOT EXIST OR NOT ACCESSIBLE>
Product Version: <PRODUCT VERSION NOT EXIST OR NOT ACCESSIBLE>
Return value: (LSTATUS) 0
After execution:
	PHKEY phkResult => 0x00000000000001E4
----------------------------------------------------
ID: 1
DLL log output: 2022-09-14 11:50:04:897
RegSetValueEx Hooked.
Arguments:
	HKEY hKey = 0x00000000000001E4
	LPCWSTR lpValueName = 0x00007FF7C143C878 / "SuDongXun"
	DWORD Reserved = 0 / 0
	DWORD dwType = 1 / 0x1
	BYTE* lpData = 0x000000F03EAFF7B0 / "https://github.com/Hornos3"
	DWORD cbData = 52 / 0x34
Current process name: D:\SSdesign\UI\designMain\test\test_3\test_3\x64\Debug\test_3.exe
STDIN handle: 0x50
STDOUT handle: 0x54
STDERR handle: 0x58
File Description: <FILE VERSION NOT EXIST OR NOT ACCESSIBLE>
File Version: 
Internal Name: <INTERNAL NAME NOT EXIST OR NOT ACCESSIBLE>
Company Name: <COMPANY NAME NOT EXIST OR NOT ACCESSIBLE>
Legal Copyright: <LEGAL COPYRIGHT NOT EXIST OR NOT ACCESSIBLE>
Original File Name: <ORIGINAL FILE NAME NOT EXIST OR NOT ACCESSIBLE>
Product Version: <PRODUCT VERSION NOT EXIST OR NOT ACCESSIBLE>
Return value: (LSTATUS) 0
----------------------------------------------------
ID: 2
DLL log output: 2022-09-14 11:50:05:855
RegOpenKeyEx Hooked.
Arguments:
	HKEY hKey = 0xFFFFFFFF80000001
	LPCWSTR lpSubKey = 0x00007FF7C143C828 / "aaaMykey"
	DWORD ulOptions = 0 / 0
	REGSAM samDesired = 983103 / f003f
	PHKEY phkResult = 0x000000F03EAFFA88
Current process name: D:\SSdesign\UI\designMain\test\test_3\test_3\x64\Debug\test_3.exe
STDIN handle: 0x50
STDOUT handle: 0x54
STDERR handle: 0x58
File Description: <FILE VERSION NOT EXIST OR NOT ACCESSIBLE>
File Version: 
Internal Name: <INTERNAL NAME NOT EXIST OR NOT ACCESSIBLE>
Company Name: <COMPANY NAME NOT EXIST OR NOT ACCESSIBLE>
Legal Copyright: <LEGAL COPYRIGHT NOT EXIST OR NOT ACCESSIBLE>
Original File Name: <ORIGINAL FILE NAME NOT EXIST OR NOT ACCESSIBLE>
Product Version: <PRODUCT VERSION NOT EXIST OR NOT ACCESSIBLE>
Return value: (LSTATUS) 0
----------------------------------------------------
ID: 3
DLL log output: 2022-09-14 11:50:05:856
RegDeleteValue Hooked.
Arguments:
	HKEY hKey = 0x00000000000001F4
	LPCWSTR lpValueName = 0x00007FF7C143C878 / "SuDongXun"
Current process name: D:\SSdesign\UI\designMain\test\test_3\test_3\x64\Debug\test_3.exe
STDIN handle: 0x50
STDOUT handle: 0x54
STDERR handle: 0x58
File Description: <FILE VERSION NOT EXIST OR NOT ACCESSIBLE>
File Version: 
Internal Name: <INTERNAL NAME NOT EXIST OR NOT ACCESSIBLE>
Company Name: <COMPANY NAME NOT EXIST OR NOT ACCESSIBLE>
Legal Copyright: <LEGAL COPYRIGHT NOT EXIST OR NOT ACCESSIBLE>
Original File Name: <ORIGINAL FILE NAME NOT EXIST OR NOT ACCESSIBLE>
Product Version: <PRODUCT VERSION NOT EXIST OR NOT ACCESSIBLE>
Return value: (LSTATUS) 0
----------------------------------------------------
ID: 4
DLL log output: 2022-09-14 11:50:05:863
RegCloseKey Hooked.
Arguments:
	HKEY hKey = 0x00000000000001F4
Current process name: D:\SSdesign\UI\designMain\test\test_3\test_3\x64\Debug\test_3.exe
STDIN handle: 0x50
STDOUT handle: 0x54
STDERR handle: 0x58
File Description: <FILE VERSION NOT EXIST OR NOT ACCESSIBLE>
File Version: 
Internal Name: <INTERNAL NAME NOT EXIST OR NOT ACCESSIBLE>
Company Name: <COMPANY NAME NOT EXIST OR NOT ACCESSIBLE>
Legal Copyright: <LEGAL COPYRIGHT NOT EXIST OR NOT ACCESSIBLE>
Original File Name: <ORIGINAL FILE NAME NOT EXIST OR NOT ACCESSIBLE>
Product Version: <PRODUCT VERSION NOT EXIST OR NOT ACCESSIBLE>
Return value: (LSTATUS) 0
----------------------------------------------------
